<?xml version="1.0" encoding="UTF-8"?>
<!-- Generated by org.testng.reporters.JUnitReportReporter -->
<testsuite skipped="0" hostname="KH014104" name="com.testng.listner.testcases.AddrBookLoginPageTest" tests="4" failures="0" timestamp="04 Dec 2019 11:35:10 GMT" time="0.132" errors="0">
  <testcase name="getAddrBookHomePageTextData" time="0.044" classname="com.testng.listner.testcases.AddrBookLoginPageTest"/>
  <testcase name="getAddrBookHomePageTitle" time="0.011" classname="com.testng.listner.testcases.AddrBookLoginPageTest"/>
  <testcase name="getMyAccEmailAddrData" time="0.070" classname="com.testng.listner.testcases.AddrBookLoginPageTest"/>
  <testcase name="getMyAccPageTitle" time="0.007" classname="com.testng.listner.testcases.AddrBookLoginPageTest"/>
</testsuite> <!-- com.testng.listner.testcases.AddrBookLoginPageTest -->
